<?xml version="1.0" encoding="UTF-8"?>
<testsuite name="TestSuite" time="7.618" tests="41" errors="0" skipped="0" failures="0">
  <properties>
    <property name="java.runtime.name" value="Java(TM) SE Runtime Environment"/>
    <property name="java.vm.version" value="11.0.7+8-LTS"/>
    <property name="sun.boot.library.path" value="/Library/Java/JavaVirtualMachines/jdk-11.0.7.jdk/Contents/Home/lib"/>
    <property name="gopherProxySet" value="false"/>
    <property name="maven.multiModuleProjectDirectory" value="/Users/nugrohomuh/eclipse-workspace/APITest5"/>
    <property name="java.vm.vendor" value="Oracle Corporation"/>
    <property name="java.vendor.url" value="https://openjdk.java.net/"/>
    <property name="guice.disable.misplaced.annotation.check" value="true"/>
    <property name="path.separator" value=":"/>
    <property name="java.vm.name" value="Java HotSpot(TM) 64-Bit Server VM"/>
    <property name="sun.os.patch.level" value="unknown"/>
    <property name="user.country" value="ID"/>
    <property name="sun.java.launcher" value="SUN_STANDARD"/>
    <property name="java.vm.specification.name" value="Java Virtual Machine Specification"/>
    <property name="user.dir" value="/Users/nugrohomuh/eclipse-workspace/APITest5"/>
    <property name="java.vm.compressedOopsMode" value="Zero based"/>
    <property name="java.runtime.version" value="11.0.7+8-LTS"/>
    <property name="java.awt.graphicsenv" value="sun.awt.CGraphicsEnvironment"/>
    <property name="os.arch" value="x86_64"/>
    <property name="java.io.tmpdir" value="/var/folders/fz/3_z9c70n5wn6sb_qtnqr9pp5vwdbx5/T/"/>
    <property name="line.separator" value="&#10;"/>
    <property name="java.vm.specification.vendor" value="Oracle Corporation"/>
    <property name="os.name" value="Mac OS X"/>
    <property name="classworlds.conf" value="/Applications/apache-maven-3.6.3/bin/m2.conf"/>
    <property name="sun.jnu.encoding" value="UTF-8"/>
    <property name="java.library.path" value="/Users/nugrohomuh/Library/Java/Extensions:/Library/Java/Extensions:/Network/Library/Java/Extensions:/System/Library/Java/Extensions:/usr/lib/java:."/>
    <property name="maven.conf" value="/Applications/apache-maven-3.6.3/conf"/>
    <property name="jdk.debug" value="release"/>
    <property name="java.class.version" value="55.0"/>
    <property name="java.specification.name" value="Java Platform API Specification"/>
    <property name="sun.management.compiler" value="HotSpot 64-Bit Tiered Compilers"/>
    <property name="os.version" value="10.15.2"/>
    <property name="library.jansi.path" value="/Applications/apache-maven-3.6.3/lib/jansi-native"/>
    <property name="http.nonProxyHosts" value="local|*.local|169.254/16|*.169.254/16"/>
    <property name="user.home" value="/Users/nugrohomuh"/>
    <property name="user.timezone" value="Asia/Jakarta"/>
    <property name="java.awt.printerjob" value="sun.lwawt.macosx.CPrinterJob"/>
    <property name="file.encoding" value="UTF-8"/>
    <property name="java.specification.version" value="11"/>
    <property name="user.name" value="nugrohomuh"/>
    <property name="java.class.path" value="/Applications/apache-maven-3.6.3/boot/plexus-classworlds-2.6.0.jar"/>
    <property name="java.vm.specification.version" value="11"/>
    <property name="sun.arch.data.model" value="64"/>
    <property name="sun.java.command" value="org.codehaus.plexus.classworlds.launcher.Launcher clean install"/>
    <property name="java.home" value="/Library/Java/JavaVirtualMachines/jdk-11.0.7.jdk/Contents/Home"/>
    <property name="user.language" value="en"/>
    <property name="java.specification.vendor" value="Oracle Corporation"/>
    <property name="awt.toolkit" value="sun.lwawt.macosx.LWCToolkit"/>
    <property name="java.vm.info" value="mixed mode"/>
    <property name="java.version" value="11.0.7"/>
    <property name="java.vendor" value="Oracle Corporation"/>
    <property name="maven.home" value="/Applications/apache-maven-3.6.3"/>
    <property name="file.separator" value="/"/>
    <property name="java.version.date" value="2020-04-14"/>
    <property name="java.vendor.url.bug" value="https://bugreport.java.com/bugreport/"/>
    <property name="sun.io.unicode.encoding" value="UnicodeBig"/>
    <property name="sun.cpu.endian" value="little"/>
    <property name="java.vendor.version" value="18.9"/>
    <property name="socksNonProxyHosts" value="local|*.local|169.254/16|*.169.254/16"/>
    <property name="ftp.nonProxyHosts" value="local|*.local|169.254/16|*.169.254/16"/>
    <property name="sun.cpu.isalist" value=""/>
  </properties>
  <testcase name="createComment" classname="com.commentapi.testcases.TC_001_Create_Comment" time="1.537"/>
  <testcase name="createComment" classname="com.commentapi.testcases.TC_001_Create_Comment" time="1.422"/>
  <testcase name="createComment" classname="com.commentapi.testcases.TC_001_Create_Comment" time="1.452"/>
  <testcase name="createComment" classname="com.commentapi.testcases.TC_001_Create_Comment" time="1.453"/>
  <testcase name="createComment" classname="com.commentapi.testcases.TC_001_Create_Comment" time="1.493"/>
  <testcase name="createComment" classname="com.commentapi.testcases.TC_001_Create_Comment" time="1.65"/>
  <testcase name="createComment" classname="com.commentapi.testcases.TC_001_Create_Comment" time="1.499"/>
  <testcase name="createComment" classname="com.commentapi.testcases.TC_001_Create_Comment" time="1.298"/>
  <testcase name="createComment" classname="com.commentapi.testcases.TC_001_Create_Comment" time="1.44"/>
  <testcase name="createComment" classname="com.commentapi.testcases.TC_001_Create_Comment" time="1.17"/>
  <testcase name="getAllComment" classname="com.commentapi.testcases.TC_002_Get_All_Comment" time="1.34"/>
  <testcase name="getSingleComment" classname="com.commentapi.testcases.TC_003_Get_Single_Comment" time="1.484"/>
  <testcase name="getSingleComment" classname="com.commentapi.testcases.TC_003_Get_Single_Comment" time="1.367"/>
  <testcase name="getSingleComment" classname="com.commentapi.testcases.TC_003_Get_Single_Comment" time="1.484"/>
  <testcase name="getSingleComment" classname="com.commentapi.testcases.TC_003_Get_Single_Comment" time="1.727"/>
  <testcase name="getSingleComment" classname="com.commentapi.testcases.TC_003_Get_Single_Comment" time="1.283"/>
  <testcase name="getSingleComment" classname="com.commentapi.testcases.TC_003_Get_Single_Comment" time="1.438"/>
  <testcase name="getSingleComment" classname="com.commentapi.testcases.TC_003_Get_Single_Comment" time="1.387"/>
  <testcase name="getSingleComment" classname="com.commentapi.testcases.TC_003_Get_Single_Comment" time="1.317"/>
  <testcase name="getSingleComment" classname="com.commentapi.testcases.TC_003_Get_Single_Comment" time="1.616"/>
  <testcase name="getSingleComment" classname="com.commentapi.testcases.TC_003_Get_Single_Comment" time="1.328"/>
  <testcase name="updateComment" classname="com.commentapi.testcases.TC_004_Update_Comment" time="1.834"/>
  <testcase name="updateComment" classname="com.commentapi.testcases.TC_004_Update_Comment" time="1.229"/>
  <testcase name="updateComment" classname="com.commentapi.testcases.TC_004_Update_Comment" time="1.211"/>
  <testcase name="updateComment" classname="com.commentapi.testcases.TC_004_Update_Comment" time="1.24"/>
  <testcase name="updateComment" classname="com.commentapi.testcases.TC_004_Update_Comment" time="1.255"/>
  <testcase name="updateComment" classname="com.commentapi.testcases.TC_004_Update_Comment" time="1.189"/>
  <testcase name="updateComment" classname="com.commentapi.testcases.TC_004_Update_Comment" time="1.252"/>
  <testcase name="updateComment" classname="com.commentapi.testcases.TC_004_Update_Comment" time="1.258"/>
  <testcase name="updateComment" classname="com.commentapi.testcases.TC_004_Update_Comment" time="1.908"/>
  <testcase name="updateComment" classname="com.commentapi.testcases.TC_004_Update_Comment" time="1.442"/>
  <testcase name="deleteComment" classname="com.commentapi.testcases.TC_005_Delete_Comment" time="1.423"/>
  <testcase name="deleteComment" classname="com.commentapi.testcases.TC_005_Delete_Comment" time="1.289"/>
  <testcase name="deleteComment" classname="com.commentapi.testcases.TC_005_Delete_Comment" time="1.575"/>
  <testcase name="deleteComment" classname="com.commentapi.testcases.TC_005_Delete_Comment" time="2.238"/>
  <testcase name="deleteComment" classname="com.commentapi.testcases.TC_005_Delete_Comment" time="1.745"/>
  <testcase name="deleteComment" classname="com.commentapi.testcases.TC_005_Delete_Comment" time="1.239"/>
  <testcase name="deleteComment" classname="com.commentapi.testcases.TC_005_Delete_Comment" time="1.322"/>
  <testcase name="deleteComment" classname="com.commentapi.testcases.TC_005_Delete_Comment" time="1.542"/>
  <testcase name="deleteComment" classname="com.commentapi.testcases.TC_005_Delete_Comment" time="1.352"/>
  <testcase name="deleteComment" classname="com.commentapi.testcases.TC_005_Delete_Comment" time="2.133"/>
</testsuite>