<?xml version="1.0" encoding="UTF-8"?>
<!-- Generated by org.testng.reporters.JUnitReportReporter -->
<testsuite hostname="dnid0007l01.local" failures="0" tests="26" name="com.api.testcases.TS_005_GetUnpaidBill" time="39.598" errors="0" timestamp="2020-05-28T07:53:43 WIB" skipped="0">
  <testcase classname="com.api.testcases.TS_005_GetUnpaidBill" name="createBillData" time="1.392"/>
  <system-out/>
  <testcase classname="com.api.testcases.TS_005_GetUnpaidBill" name="getUnpaidBillTest" time="1.370"/>
  <system-out/>
  <testcase classname="com.api.testcases.TS_005_GetUnpaidBill" name="getUnpaidBillTest" time="1.603"/>
  <system-out/>
  <testcase classname="com.api.testcases.TS_005_GetUnpaidBill" name="getUnpaidBillTest" time="1.599"/>
  <system-out/>
  <testcase classname="com.api.testcases.TS_005_GetUnpaidBill" name="createBillData" time="1.485"/>
  <system-out/>
  <testcase classname="com.api.testcases.TS_005_GetUnpaidBill" name="getUnpaidBillTest" time="1.600"/>
  <system-out/>
  <testcase classname="com.api.testcases.TS_005_GetUnpaidBill" name="createBillData" time="1.497"/>
  <system-out/>
  <testcase classname="com.api.testcases.TS_005_GetUnpaidBill" name="getUnpaidBillTest" time="1.370"/>
  <system-out/>
  <testcase classname="com.api.testcases.TS_005_GetUnpaidBill" name="getUnpaidBillTest" time="1.826"/>
  <system-out/>
  <testcase classname="com.api.testcases.TS_005_GetUnpaidBill" name="createBillData" time="1.463"/>
  <system-out/>
  <testcase classname="com.api.testcases.TS_005_GetUnpaidBill" name="createBillData" time="1.320"/>
  <system-out/>
  <testcase classname="com.api.testcases.TS_005_GetUnpaidBill" name="createBillData" time="1.595"/>
  <system-out/>
  <testcase classname="com.api.testcases.TS_005_GetUnpaidBill" name="getUnpaidBillTest" time="1.474"/>
  <system-out/>
  <testcase classname="com.api.testcases.TS_005_GetUnpaidBill" name="createBillData" time="1.392"/>
  <system-out/>
  <testcase classname="com.api.testcases.TS_005_GetUnpaidBill" name="getUnpaidBillTest" time="1.485"/>
  <system-out/>
  <testcase classname="com.api.testcases.TS_005_GetUnpaidBill" name="getUnpaidBillTest" time="1.717"/>
  <system-out/>
  <testcase classname="com.api.testcases.TS_005_GetUnpaidBill" name="getUnpaidBillTest" time="1.453"/>
  <system-out/>
  <testcase classname="com.api.testcases.TS_005_GetUnpaidBill" name="getUnpaidBillTest" time="1.820"/>
  <system-out/>
  <testcase classname="com.api.testcases.TS_005_GetUnpaidBill" name="createBillData" time="1.635"/>
  <system-out/>
  <testcase classname="com.api.testcases.TS_005_GetUnpaidBill" name="createBillData" time="1.585"/>
  <system-out/>
  <testcase classname="com.api.testcases.TS_005_GetUnpaidBill" name="createBillData" time="1.406"/>
  <system-out/>
  <testcase classname="com.api.testcases.TS_005_GetUnpaidBill" name="getUnpaidBillTest" time="1.488"/>
  <system-out/>
  <testcase classname="com.api.testcases.TS_005_GetUnpaidBill" name="createBillData" time="1.548"/>
  <system-out/>
  <testcase classname="com.api.testcases.TS_005_GetUnpaidBill" name="getUnpaidBillTest" time="1.432"/>
  <system-out/>
  <testcase classname="com.api.testcases.TS_005_GetUnpaidBill" name="createBillData" time="1.528"/>
  <system-out/>
  <testcase classname="com.api.testcases.TS_005_GetUnpaidBill" name="createBillData" time="1.515"/>
  <system-out/>
</testsuite> <!-- com.api.testcases.TS_005_GetUnpaidBill -->
