<?xml version="1.0" encoding="UTF-8"?>
<!-- Generated by org.testng.reporters.JUnitReportReporter -->
<testsuite hostname="dnid0007l01.local" failures="0" tests="1" name="com.api.testcases.CleanUpEverything" time="53.885" errors="0" timestamp="2020-05-26T18:40:35 WIB" skipped="0">
  <testcase classname="com.api.testcases.CleanUpEverything" name="cleanUp" time="53.885"/>
  <system-out/>
</testsuite> <!-- com.api.testcases.CleanUpEverything -->
