<?xml version="1.0" encoding="UTF-8"?>
<!-- Generated by org.testng.reporters.JUnitReportReporter -->
<testsuite hostname="dnid0007l01.local" failures="0" tests="5" name="com.api.testcases.TS_004_GetUserProfile" time="8.817" errors="0" timestamp="2020-05-28T07:53:43 WIB" skipped="0">
  <testcase classname="com.api.testcases.TS_004_GetUserProfile" name="getProfileTest" time="1.380"/>
  <system-out/>
  <testcase classname="com.api.testcases.TS_004_GetUserProfile" name="getProfileTest" time="2.836"/>
  <system-out/>
  <testcase classname="com.api.testcases.TS_004_GetUserProfile" name="getProfileTest" time="1.501"/>
  <system-out/>
  <testcase classname="com.api.testcases.TS_004_GetUserProfile" name="getProfileTest" time="1.449"/>
  <system-out/>
  <testcase classname="com.api.testcases.TS_004_GetUserProfile" name="getProfileTest" time="1.651"/>
  <system-out/>
</testsuite> <!-- com.api.testcases.TS_004_GetUserProfile -->
