<?xml version="1.0" encoding="UTF-8"?>
<!-- Generated by org.testng.reporters.JUnitReportReporter -->
<testsuite hostname="dnid0007l01.local" failures="0" tests="5" name="com.api.testcases.TS_004_GetUserProfile" time="7.400" errors="0" timestamp="2020-05-19T13:32:28 WIB" skipped="0">
  <testcase classname="com.api.testcases.TS_004_GetUserProfile" name="getProfileTest" time="1.534"/>
  <system-out/>
  <testcase classname="com.api.testcases.TS_004_GetUserProfile" name="getProfileTest" time="1.595"/>
  <system-out/>
  <testcase classname="com.api.testcases.TS_004_GetUserProfile" name="getProfileTest" time="1.425"/>
  <system-out/>
  <testcase classname="com.api.testcases.TS_004_GetUserProfile" name="getProfileTest" time="1.437"/>
  <system-out/>
  <testcase classname="com.api.testcases.TS_004_GetUserProfile" name="getProfileTest" time="1.409"/>
  <system-out/>
</testsuite> <!-- com.api.testcases.TS_004_GetUserProfile -->
