<?xml version="1.0" encoding="UTF-8"?>
<!-- Generated by org.testng.reporters.JUnitReportReporter -->
<testsuite hostname="dnid0007l01.local" failures="0" tests="5" name="com.api.testcases.TS_008_GetUserPaymentHistory" time="9.004" errors="0" timestamp="2020-05-19T13:32:28 WIB" skipped="0">
  <testcase classname="com.api.testcases.TS_008_GetUserPaymentHistory" name="getProfileTest" time="1.450"/>
  <system-out/>
  <testcase classname="com.api.testcases.TS_008_GetUserPaymentHistory" name="getProfileTest" time="1.417"/>
  <system-out/>
  <testcase classname="com.api.testcases.TS_008_GetUserPaymentHistory" name="getProfileTest" time="1.489"/>
  <system-out/>
  <testcase classname="com.api.testcases.TS_008_GetUserPaymentHistory" name="getProfileTest" time="1.785"/>
  <system-out/>
  <testcase classname="com.api.testcases.TS_008_GetUserPaymentHistory" name="getProfileTest" time="2.863"/>
  <system-out/>
</testsuite> <!-- com.api.testcases.TS_008_GetUserPaymentHistory -->
