<?xml version="1.0" encoding="UTF-8"?>
<!-- Generated by org.testng.reporters.JUnitReportReporter -->
<testsuite hostname="dnid0007l01.local" failures="0" tests="5" name="com.api.testcases.TS_008_GetUserPaymentHistory" time="8.436" errors="0" timestamp="2020-05-26T18:40:35 WIB" skipped="0">
  <testcase classname="com.api.testcases.TS_008_GetUserPaymentHistory" name="getProfileTest" time="1.586"/>
  <system-out/>
  <testcase classname="com.api.testcases.TS_008_GetUserPaymentHistory" name="getProfileTest" time="1.933"/>
  <system-out/>
  <testcase classname="com.api.testcases.TS_008_GetUserPaymentHistory" name="getProfileTest" time="2.079"/>
  <system-out/>
  <testcase classname="com.api.testcases.TS_008_GetUserPaymentHistory" name="getProfileTest" time="1.467"/>
  <system-out/>
  <testcase classname="com.api.testcases.TS_008_GetUserPaymentHistory" name="getProfileTest" time="1.371"/>
  <system-out/>
</testsuite> <!-- com.api.testcases.TS_008_GetUserPaymentHistory -->
