<?xml version="1.0" encoding="UTF-8"?>
<!-- Generated by org.testng.reporters.JUnitReportReporter -->
<testsuite hostname="dnid0007l01.local" failures="0" tests="5" name="com.api.testcases.TS_008_GetUserPaymentHistory" time="8.979" errors="0" timestamp="2020-05-28T07:53:43 WIB" skipped="0">
  <testcase classname="com.api.testcases.TS_008_GetUserPaymentHistory" name="getProfileTest" time="1.748"/>
  <system-out/>
  <testcase classname="com.api.testcases.TS_008_GetUserPaymentHistory" name="getProfileTest" time="2.665"/>
  <system-out/>
  <testcase classname="com.api.testcases.TS_008_GetUserPaymentHistory" name="getProfileTest" time="1.529"/>
  <system-out/>
  <testcase classname="com.api.testcases.TS_008_GetUserPaymentHistory" name="getProfileTest" time="1.532"/>
  <system-out/>
  <testcase classname="com.api.testcases.TS_008_GetUserPaymentHistory" name="getProfileTest" time="1.505"/>
  <system-out/>
</testsuite> <!-- com.api.testcases.TS_008_GetUserPaymentHistory -->
