<?xml version="1.0" encoding="UTF-8"?>
<!-- Generated by org.testng.reporters.JUnitReportReporter -->
<testsuite hostname="dnid0007l01.local" failures="0" tests="1" name="com.api.testcases.CleanUpEverything" time="50.663" errors="0" timestamp="2020-05-28T07:53:43 WIB" skipped="0">
  <testcase classname="com.api.testcases.CleanUpEverything" name="cleanUp" time="50.663"/>
  <system-out/>
</testsuite> <!-- com.api.testcases.CleanUpEverything -->
