<?xml version="1.0" encoding="UTF-8"?>
<!-- Generated by org.testng.reporters.JUnitReportReporter -->
<testsuite hostname="dnid0007l01.local" failures="0" tests="26" name="com.api.testcases.TS_005_GetUnpaidBill" time="43.253" errors="0" timestamp="2020-05-26T18:40:35 WIB" skipped="0">
  <testcase classname="com.api.testcases.TS_005_GetUnpaidBill" name="getUnpaidBillTest" time="1.525"/>
  <system-out/>
  <testcase classname="com.api.testcases.TS_005_GetUnpaidBill" name="getUnpaidBillTest" time="1.497"/>
  <system-out/>
  <testcase classname="com.api.testcases.TS_005_GetUnpaidBill" name="getUnpaidBillTest" time="1.446"/>
  <system-out/>
  <testcase classname="com.api.testcases.TS_005_GetUnpaidBill" name="getUnpaidBillTest" time="1.346"/>
  <system-out/>
  <testcase classname="com.api.testcases.TS_005_GetUnpaidBill" name="createBillData" time="1.633"/>
  <system-out/>
  <testcase classname="com.api.testcases.TS_005_GetUnpaidBill" name="createBillData" time="1.530"/>
  <system-out/>
  <testcase classname="com.api.testcases.TS_005_GetUnpaidBill" name="createBillData" time="1.537"/>
  <system-out/>
  <testcase classname="com.api.testcases.TS_005_GetUnpaidBill" name="createBillData" time="1.488"/>
  <system-out/>
  <testcase classname="com.api.testcases.TS_005_GetUnpaidBill" name="createBillData" time="1.697"/>
  <system-out/>
  <testcase classname="com.api.testcases.TS_005_GetUnpaidBill" name="getUnpaidBillTest" time="2.998"/>
  <system-out/>
  <testcase classname="com.api.testcases.TS_005_GetUnpaidBill" name="getUnpaidBillTest" time="1.538"/>
  <system-out/>
  <testcase classname="com.api.testcases.TS_005_GetUnpaidBill" name="createBillData" time="1.466"/>
  <system-out/>
  <testcase classname="com.api.testcases.TS_005_GetUnpaidBill" name="getUnpaidBillTest" time="1.498"/>
  <system-out/>
  <testcase classname="com.api.testcases.TS_005_GetUnpaidBill" name="getUnpaidBillTest" time="1.905"/>
  <system-out/>
  <testcase classname="com.api.testcases.TS_005_GetUnpaidBill" name="getUnpaidBillTest" time="1.488"/>
  <system-out/>
  <testcase classname="com.api.testcases.TS_005_GetUnpaidBill" name="createBillData" time="1.629"/>
  <system-out/>
  <testcase classname="com.api.testcases.TS_005_GetUnpaidBill" name="getUnpaidBillTest" time="1.559"/>
  <system-out/>
  <testcase classname="com.api.testcases.TS_005_GetUnpaidBill" name="createBillData" time="1.578"/>
  <system-out/>
  <testcase classname="com.api.testcases.TS_005_GetUnpaidBill" name="getUnpaidBillTest" time="1.635"/>
  <system-out/>
  <testcase classname="com.api.testcases.TS_005_GetUnpaidBill" name="createBillData" time="1.645"/>
  <system-out/>
  <testcase classname="com.api.testcases.TS_005_GetUnpaidBill" name="createBillData" time="1.662"/>
  <system-out/>
  <testcase classname="com.api.testcases.TS_005_GetUnpaidBill" name="createBillData" time="1.515"/>
  <system-out/>
  <testcase classname="com.api.testcases.TS_005_GetUnpaidBill" name="getUnpaidBillTest" time="2.765"/>
  <system-out/>
  <testcase classname="com.api.testcases.TS_005_GetUnpaidBill" name="createBillData" time="1.499"/>
  <system-out/>
  <testcase classname="com.api.testcases.TS_005_GetUnpaidBill" name="createBillData" time="1.827"/>
  <system-out/>
  <testcase classname="com.api.testcases.TS_005_GetUnpaidBill" name="getUnpaidBillTest" time="1.347"/>
  <system-out/>
</testsuite> <!-- com.api.testcases.TS_005_GetUnpaidBill -->
