<?xml version="1.0" encoding="UTF-8"?>
<!-- Generated by org.testng.reporters.JUnitReportReporter -->
<testsuite hostname="dnid0007l01.local" failures="0" tests="5" name="com.api.testcases.TS_004_GetUserProfile" time="7.749" errors="0" timestamp="2020-05-26T18:40:35 WIB" skipped="0">
  <testcase classname="com.api.testcases.TS_004_GetUserProfile" name="getProfileTest" time="1.780"/>
  <system-out/>
  <testcase classname="com.api.testcases.TS_004_GetUserProfile" name="getProfileTest" time="1.487"/>
  <system-out/>
  <testcase classname="com.api.testcases.TS_004_GetUserProfile" name="getProfileTest" time="1.619"/>
  <system-out/>
  <testcase classname="com.api.testcases.TS_004_GetUserProfile" name="getProfileTest" time="1.473"/>
  <system-out/>
  <testcase classname="com.api.testcases.TS_004_GetUserProfile" name="getProfileTest" time="1.390"/>
  <system-out/>
</testsuite> <!-- com.api.testcases.TS_004_GetUserProfile -->
