<?xml version="1.0" encoding="UTF-8"?>
<!-- Generated by org.testng.reporters.JUnitReportReporter -->
<testsuite hostname="dnid0007l01.local" failures="0" tests="26" name="com.api.testcases.TS_005_GetUnpaidBill" time="38.429" errors="0" timestamp="2020-05-19T13:32:28 WIB" skipped="0">
  <testcase classname="com.api.testcases.TS_005_GetUnpaidBill" name="createBillData" time="1.646"/>
  <system-out/>
  <testcase classname="com.api.testcases.TS_005_GetUnpaidBill" name="getUnpaidBillTest" time="1.493"/>
  <system-out/>
  <testcase classname="com.api.testcases.TS_005_GetUnpaidBill" name="createBillData" time="1.462"/>
  <system-out/>
  <testcase classname="com.api.testcases.TS_005_GetUnpaidBill" name="getUnpaidBillTest" time="1.447"/>
  <system-out/>
  <testcase classname="com.api.testcases.TS_005_GetUnpaidBill" name="getUnpaidBillTest" time="1.435"/>
  <system-out/>
  <testcase classname="com.api.testcases.TS_005_GetUnpaidBill" name="getUnpaidBillTest" time="1.495"/>
  <system-out/>
  <testcase classname="com.api.testcases.TS_005_GetUnpaidBill" name="getUnpaidBillTest" time="1.410"/>
  <system-out/>
  <testcase classname="com.api.testcases.TS_005_GetUnpaidBill" name="createBillData" time="1.525"/>
  <system-out/>
  <testcase classname="com.api.testcases.TS_005_GetUnpaidBill" name="getUnpaidBillTest" time="1.440"/>
  <system-out/>
  <testcase classname="com.api.testcases.TS_005_GetUnpaidBill" name="createBillData" time="1.460"/>
  <system-out/>
  <testcase classname="com.api.testcases.TS_005_GetUnpaidBill" name="createBillData" time="1.505"/>
  <system-out/>
  <testcase classname="com.api.testcases.TS_005_GetUnpaidBill" name="getUnpaidBillTest" time="1.407"/>
  <system-out/>
  <testcase classname="com.api.testcases.TS_005_GetUnpaidBill" name="createBillData" time="1.483"/>
  <system-out/>
  <testcase classname="com.api.testcases.TS_005_GetUnpaidBill" name="createBillData" time="1.735"/>
  <system-out/>
  <testcase classname="com.api.testcases.TS_005_GetUnpaidBill" name="createBillData" time="1.435"/>
  <system-out/>
  <testcase classname="com.api.testcases.TS_005_GetUnpaidBill" name="createBillData" time="1.449"/>
  <system-out/>
  <testcase classname="com.api.testcases.TS_005_GetUnpaidBill" name="getUnpaidBillTest" time="1.506"/>
  <system-out/>
  <testcase classname="com.api.testcases.TS_005_GetUnpaidBill" name="createBillData" time="1.429"/>
  <system-out/>
  <testcase classname="com.api.testcases.TS_005_GetUnpaidBill" name="createBillData" time="1.546"/>
  <system-out/>
  <testcase classname="com.api.testcases.TS_005_GetUnpaidBill" name="createBillData" time="1.474"/>
  <system-out/>
  <testcase classname="com.api.testcases.TS_005_GetUnpaidBill" name="getUnpaidBillTest" time="1.458"/>
  <system-out/>
  <testcase classname="com.api.testcases.TS_005_GetUnpaidBill" name="getUnpaidBillTest" time="1.433"/>
  <system-out/>
  <testcase classname="com.api.testcases.TS_005_GetUnpaidBill" name="getUnpaidBillTest" time="1.428"/>
  <system-out/>
  <testcase classname="com.api.testcases.TS_005_GetUnpaidBill" name="getUnpaidBillTest" time="1.412"/>
  <system-out/>
  <testcase classname="com.api.testcases.TS_005_GetUnpaidBill" name="getUnpaidBillTest" time="1.398"/>
  <system-out/>
  <testcase classname="com.api.testcases.TS_005_GetUnpaidBill" name="createBillData" time="1.518"/>
  <system-out/>
</testsuite> <!-- com.api.testcases.TS_005_GetUnpaidBill -->
