<?xml version="1.0" encoding="UTF-8"?>
<!-- Generated by org.testng.reporters.JUnitReportReporter -->
<testsuite hostname="dnid0007l01.local" failures="0" tests="10" name="com.commentapi.testcases.TC_005_Delete_Comment" time="15.859" errors="0" timestamp="12 May 2020 07:09:52 GMT" skipped="0">
  <testcase classname="com.commentapi.testcases.TC_005_Delete_Comment" name="deleteComment" time="1.289"/>
  <testcase classname="com.commentapi.testcases.TC_005_Delete_Comment" name="deleteComment" time="1.352"/>
  <testcase classname="com.commentapi.testcases.TC_005_Delete_Comment" name="deleteComment" time="1.745"/>
  <testcase classname="com.commentapi.testcases.TC_005_Delete_Comment" name="deleteComment" time="1.239"/>
  <testcase classname="com.commentapi.testcases.TC_005_Delete_Comment" name="deleteComment" time="1.542"/>
  <testcase classname="com.commentapi.testcases.TC_005_Delete_Comment" name="deleteComment" time="1.322"/>
  <testcase classname="com.commentapi.testcases.TC_005_Delete_Comment" name="deleteComment" time="1.575"/>
  <testcase classname="com.commentapi.testcases.TC_005_Delete_Comment" name="deleteComment" time="1.423"/>
  <testcase classname="com.commentapi.testcases.TC_005_Delete_Comment" name="deleteComment" time="2.238"/>
  <testcase classname="com.commentapi.testcases.TC_005_Delete_Comment" name="deleteComment" time="2.134"/>
</testsuite> <!-- com.commentapi.testcases.TC_005_Delete_Comment -->
