<?xml version="1.0" encoding="UTF-8"?>
<!-- Generated by org.testng.reporters.JUnitReportReporter -->
<testsuite hostname="dnid0007l01.local" failures="0" tests="10" name="com.commentapi.testcases.TC_001_Create_Comment" time="14.414" errors="0" timestamp="12 May 2020 07:09:52 GMT" skipped="0">
  <testcase classname="com.commentapi.testcases.TC_001_Create_Comment" name="createComment" time="1.650"/>
  <testcase classname="com.commentapi.testcases.TC_001_Create_Comment" name="createComment" time="1.537"/>
  <testcase classname="com.commentapi.testcases.TC_001_Create_Comment" name="createComment" time="1.493"/>
  <testcase classname="com.commentapi.testcases.TC_001_Create_Comment" name="createComment" time="1.453"/>
  <testcase classname="com.commentapi.testcases.TC_001_Create_Comment" name="createComment" time="1.499"/>
  <testcase classname="com.commentapi.testcases.TC_001_Create_Comment" name="createComment" time="1.170"/>
  <testcase classname="com.commentapi.testcases.TC_001_Create_Comment" name="createComment" time="1.297"/>
  <testcase classname="com.commentapi.testcases.TC_001_Create_Comment" name="createComment" time="1.440"/>
  <testcase classname="com.commentapi.testcases.TC_001_Create_Comment" name="createComment" time="1.422"/>
  <testcase classname="com.commentapi.testcases.TC_001_Create_Comment" name="createComment" time="1.453"/>
</testsuite> <!-- com.commentapi.testcases.TC_001_Create_Comment -->
