<?xml version="1.0" encoding="UTF-8"?>
<!-- Generated by org.testng.reporters.JUnitReportReporter -->
<testsuite hostname="dnid0007l01.local" failures="0" tests="10" name="com.commentapi.testcases.TC_001_Create_Comment" time="19.686" errors="0" timestamp="04 May 2020 13:11:28 GMT" skipped="0">
  <testcase classname="com.commentapi.testcases.TC_001_Create_Comment" name="createComment" time="1.992"/>
  <testcase classname="com.commentapi.testcases.TC_001_Create_Comment" name="createComment" time="2.185"/>
  <testcase classname="com.commentapi.testcases.TC_001_Create_Comment" name="createComment" time="2.038"/>
  <testcase classname="com.commentapi.testcases.TC_001_Create_Comment" name="createComment" time="2.078"/>
  <testcase classname="com.commentapi.testcases.TC_001_Create_Comment" name="createComment" time="2.473"/>
  <testcase classname="com.commentapi.testcases.TC_001_Create_Comment" name="createComment" time="1.689"/>
  <testcase classname="com.commentapi.testcases.TC_001_Create_Comment" name="createComment" time="1.573"/>
  <testcase classname="com.commentapi.testcases.TC_001_Create_Comment" name="createComment" time="1.705"/>
  <testcase classname="com.commentapi.testcases.TC_001_Create_Comment" name="createComment" time="1.998"/>
  <testcase classname="com.commentapi.testcases.TC_001_Create_Comment" name="createComment" time="1.955"/>
</testsuite> <!-- com.commentapi.testcases.TC_001_Create_Comment -->
