<?xml version="1.0" encoding="UTF-8"?>
<!-- Generated by org.testng.reporters.JUnitReportReporter -->
<testsuite hostname="dnid0007l01.local" failures="0" tests="1" name="com.commentapi.testcases.TC_002_Get_All_Comment" time="1.340" errors="0" timestamp="12 May 2020 07:09:52 GMT" skipped="0">
  <testcase classname="com.commentapi.testcases.TC_002_Get_All_Comment" name="getAllComment" time="1.340"/>
</testsuite> <!-- com.commentapi.testcases.TC_002_Get_All_Comment -->
