<?xml version="1.0" encoding="UTF-8"?>
<!-- Generated by org.testng.reporters.JUnitReportReporter -->
<testsuite hostname="dnid0007l01.local" failures="0" tests="10" name="com.commentapi.testcases.TC_003_Get_Single_Comment" time="14.430" errors="0" timestamp="12 May 2020 07:09:52 GMT" skipped="0">
  <testcase classname="com.commentapi.testcases.TC_003_Get_Single_Comment" name="getSingleComment" time="1.437"/>
  <testcase classname="com.commentapi.testcases.TC_003_Get_Single_Comment" name="getSingleComment" time="1.387"/>
  <testcase classname="com.commentapi.testcases.TC_003_Get_Single_Comment" name="getSingleComment" time="1.317"/>
  <testcase classname="com.commentapi.testcases.TC_003_Get_Single_Comment" name="getSingleComment" time="1.282"/>
  <testcase classname="com.commentapi.testcases.TC_003_Get_Single_Comment" name="getSingleComment" time="1.616"/>
  <testcase classname="com.commentapi.testcases.TC_003_Get_Single_Comment" name="getSingleComment" time="1.367"/>
  <testcase classname="com.commentapi.testcases.TC_003_Get_Single_Comment" name="getSingleComment" time="1.484"/>
  <testcase classname="com.commentapi.testcases.TC_003_Get_Single_Comment" name="getSingleComment" time="1.484"/>
  <testcase classname="com.commentapi.testcases.TC_003_Get_Single_Comment" name="getSingleComment" time="1.728"/>
  <testcase classname="com.commentapi.testcases.TC_003_Get_Single_Comment" name="getSingleComment" time="1.328"/>
</testsuite> <!-- com.commentapi.testcases.TC_003_Get_Single_Comment -->
