<?xml version="1.0" encoding="UTF-8"?>
<!-- Generated by org.testng.reporters.JUnitReportReporter -->
<testsuite hostname="dnid0007l01.local" failures="0" tests="10" name="com.commentapi.testcases.TC_004_Update_Comment" time="13.814" errors="0" timestamp="12 May 2020 07:09:52 GMT" skipped="0">
  <testcase classname="com.commentapi.testcases.TC_004_Update_Comment" name="updateComment" time="1.908"/>
  <testcase classname="com.commentapi.testcases.TC_004_Update_Comment" name="updateComment" time="1.255"/>
  <testcase classname="com.commentapi.testcases.TC_004_Update_Comment" name="updateComment" time="1.251"/>
  <testcase classname="com.commentapi.testcases.TC_004_Update_Comment" name="updateComment" time="1.229"/>
  <testcase classname="com.commentapi.testcases.TC_004_Update_Comment" name="updateComment" time="1.189"/>
  <testcase classname="com.commentapi.testcases.TC_004_Update_Comment" name="updateComment" time="1.240"/>
  <testcase classname="com.commentapi.testcases.TC_004_Update_Comment" name="updateComment" time="1.257"/>
  <testcase classname="com.commentapi.testcases.TC_004_Update_Comment" name="updateComment" time="1.441"/>
  <testcase classname="com.commentapi.testcases.TC_004_Update_Comment" name="updateComment" time="1.210"/>
  <testcase classname="com.commentapi.testcases.TC_004_Update_Comment" name="updateComment" time="1.834"/>
</testsuite> <!-- com.commentapi.testcases.TC_004_Update_Comment -->
