<?xml version="1.0" encoding="UTF-8"?>
<!-- Generated by org.testng.reporters.JUnitReportReporter -->
<testsuite hostname="dnid0007l01.local" failures="0" tests="10" name="com.commentapi.testcases.TC_004_Update_Comment" time="16.660" errors="0" timestamp="04 May 2020 13:11:28 GMT" skipped="0">
  <testcase classname="com.commentapi.testcases.TC_004_Update_Comment" name="updateComment" time="1.595"/>
  <testcase classname="com.commentapi.testcases.TC_004_Update_Comment" name="updateComment" time="1.797"/>
  <testcase classname="com.commentapi.testcases.TC_004_Update_Comment" name="updateComment" time="1.679"/>
  <testcase classname="com.commentapi.testcases.TC_004_Update_Comment" name="updateComment" time="1.765"/>
  <testcase classname="com.commentapi.testcases.TC_004_Update_Comment" name="updateComment" time="1.547"/>
  <testcase classname="com.commentapi.testcases.TC_004_Update_Comment" name="updateComment" time="1.629"/>
  <testcase classname="com.commentapi.testcases.TC_004_Update_Comment" name="updateComment" time="1.492"/>
  <testcase classname="com.commentapi.testcases.TC_004_Update_Comment" name="updateComment" time="1.713"/>
  <testcase classname="com.commentapi.testcases.TC_004_Update_Comment" name="updateComment" time="1.720"/>
  <testcase classname="com.commentapi.testcases.TC_004_Update_Comment" name="updateComment" time="1.723"/>
</testsuite> <!-- com.commentapi.testcases.TC_004_Update_Comment -->
