<?xml version="1.0" encoding="UTF-8"?>
<!-- Generated by org.testng.reporters.JUnitReportReporter -->
<testsuite hostname="dnid0007l01.local" failures="0" tests="10" name="com.commentapi.testcases.TC_003_Get_Single_Comment" time="18.320" errors="0" timestamp="04 May 2020 13:11:28 GMT" skipped="0">
  <testcase classname="com.commentapi.testcases.TC_003_Get_Single_Comment" name="getSingleComment" time="2.008"/>
  <testcase classname="com.commentapi.testcases.TC_003_Get_Single_Comment" name="getSingleComment" time="2.189"/>
  <testcase classname="com.commentapi.testcases.TC_003_Get_Single_Comment" name="getSingleComment" time="1.651"/>
  <testcase classname="com.commentapi.testcases.TC_003_Get_Single_Comment" name="getSingleComment" time="2.316"/>
  <testcase classname="com.commentapi.testcases.TC_003_Get_Single_Comment" name="getSingleComment" time="2.154"/>
  <testcase classname="com.commentapi.testcases.TC_003_Get_Single_Comment" name="getSingleComment" time="1.590"/>
  <testcase classname="com.commentapi.testcases.TC_003_Get_Single_Comment" name="getSingleComment" time="1.528"/>
  <testcase classname="com.commentapi.testcases.TC_003_Get_Single_Comment" name="getSingleComment" time="1.552"/>
  <testcase classname="com.commentapi.testcases.TC_003_Get_Single_Comment" name="getSingleComment" time="1.806"/>
  <testcase classname="com.commentapi.testcases.TC_003_Get_Single_Comment" name="getSingleComment" time="1.526"/>
</testsuite> <!-- com.commentapi.testcases.TC_003_Get_Single_Comment -->
